#
# A fatal error has been detected by the Java Runtime Environment:
#
#  Internal Error (./open/src/hotspot/share/interpreter/oopMapCache.cpp:111), pid=18224, tid=2676
#  Error: ShouldNotReachHere()
#
# JRE version: Java(TM) SE Runtime Environment (15.0.2+7) (build 15.0.2+7-27)
# Java VM: Java HotSpot(TM) 64-Bit Server VM (15.0.2+7-27, mixed mode, sharing, tiered, compressed oops, g1 gc, windows-amd64)
# No core dump will be written. Minidumps are not enabled by default on client versions of Windows
#
# If you would like to submit a bug report, please visit:
#   https://bugreport.java.com/bugreport/crash.jsp
#

---------------  S U M M A R Y ------------

Command Line: -XX:+ShowCodeDetailsInExceptionMessages -agentlib:jdwp=transport=dt_socket,suspend=y,address=localhost:57164 -ea -javaagent:C:\Users\aelmouss\eclipse\java-2021-09\eclipse\configuration\org.eclipse.osgi\222\0\.cp\lib\javaagent-shaded.jar -Dfile.encoding=UTF-8 org.eclipse.jdt.internal.junit.runner.RemoteTestRunner -version 3 -port 57163 -testLoaderClass org.eclipse.jdt.internal.junit5.runner.JUnit5TestLoader -loaderpluginname org.eclipse.jdt.junit5.runtime -test com.ccsw.mentconnect.patient.PatientIT:saveWithNotExistsUsernameShouldCreateNewPatient -uniqueId [engine:junit-jupiter]/[class:com.ccsw.mentconnect.patient.PatientIT]/[method:saveWithNotExistsUsernameShouldCreateNewPatient()]

Host: Intel(R) Core(TM) i5-8365U CPU @ 1.60GHz, 8 cores, 7G,  Windows 10 , 64 bit Build 19041 (10.0.19041.1706)
Time: Thu Jun  2 11:40:18 2022 Romance Daylight Time elapsed time: 254.532817 seconds (0d 0h 4m 14s)

---------------  T H R E A D  ---------------

Current thread (0x0000026abd773850):  JavaThread "JDWP Transport Listener: dt_socket" daemon [_thread_in_vm, id=2676, stack(0x0000009f94700000,0x0000009f94800000)] _threads_hazard_ptr=0x0000026ac8134300

Stack: [0x0000009f94700000,0x0000009f94800000]
Native frames: (J=compiled Java code, j=interpreted, Vv=VM code, C=native code)
V  [jvm.dll+0x62ae9a]
V  [jvm.dll+0x7817a9]
V  [jvm.dll+0x782f03]
V  [jvm.dll+0x783517]
V  [jvm.dll+0x21628c]
V  [jvm.dll+0x2161d3]
V  [jvm.dll+0x619eea]
V  [jvm.dll+0x619ba3]
V  [jvm.dll+0x5df278]
V  [jvm.dll+0x77876f]
V  [jvm.dll+0x4f02e1]
V  [jvm.dll+0x7882b5]
V  [jvm.dll+0x4d40ea]
V  [jvm.dll+0x49526b]
C  [jdwp.dll+0x796b]


---------------  P R O C E S S  ---------------

Threads class SMR info:
_java_thread_list=0x0000026ac8134300, length=30, elements={
0x0000026a9e1c2580, 0x0000026abcb90050, 0x0000026abcb90b30, 0x0000026abcba93e0,
0x0000026abcbadcc0, 0x0000026abcbae580, 0x0000026abcbbdbb0, 0x0000026abcbbe5b0,
0x0000026abcbcd3c0, 0x0000026abd5d6b00, 0x0000026abd773850, 0x0000026abd6a4ac0,
0x0000026abd6a53c0, 0x0000026abd6d3890, 0x0000026ac1a59c40, 0x0000026ac1a5a5e0,
0x0000026ac1a59770, 0x0000026ac1d88270, 0x0000026ac1d878d0, 0x0000026ac1d890e0,
0x0000026ac1d83a40, 0x0000026ac1d81d60, 0x0000026ac1d83f10, 0x0000026ac1d82700,
0x0000026ac1d88740, 0x0000026ac1d82bd0, 0x0000026ac1d85bf0, 0x0000026ac1d86f30,
0x0000026ac1d87400, 0x0000026ac1d830a0
}

Java Threads: ( => current thread )
  0x0000026a9e1c2580 JavaThread "main" [_thread_blocked, id=13108, stack(0x0000009f93700000,0x0000009f93800000)]
  0x0000026abcb90050 JavaThread "Reference Handler" daemon [_thread_blocked, id=10332, stack(0x0000009f93e00000,0x0000009f93f00000)]
  0x0000026abcb90b30 JavaThread "Finalizer" daemon [_thread_blocked, id=16268, stack(0x0000009f93f00000,0x0000009f94000000)]
  0x0000026abcba93e0 JavaThread "Signal Dispatcher" daemon [_thread_blocked, id=17840, stack(0x0000009f94000000,0x0000009f94100000)]
  0x0000026abcbadcc0 JavaThread "Attach Listener" daemon [_thread_blocked, id=14892, stack(0x0000009f94100000,0x0000009f94200000)]
  0x0000026abcbae580 JavaThread "Service Thread" daemon [_thread_blocked, id=18100, stack(0x0000009f94200000,0x0000009f94300000)]
  0x0000026abcbbdbb0 JavaThread "C2 CompilerThread0" daemon [_thread_blocked, id=3896, stack(0x0000009f94300000,0x0000009f94400000)]
  0x0000026abcbbe5b0 JavaThread "C1 CompilerThread0" daemon [_thread_blocked, id=10868, stack(0x0000009f94400000,0x0000009f94500000)]
  0x0000026abcbcd3c0 JavaThread "Sweeper thread" daemon [_thread_blocked, id=9508, stack(0x0000009f94500000,0x0000009f94600000)]
  0x0000026abd5d6b00 JavaThread "Common-Cleaner" daemon [_thread_blocked, id=3348, stack(0x0000009f94600000,0x0000009f94700000)]
=>0x0000026abd773850 JavaThread "JDWP Transport Listener: dt_socket" daemon [_thread_in_vm, id=2676, stack(0x0000009f94700000,0x0000009f94800000)] _threads_hazard_ptr=0x0000026ac8134300
  0x0000026abd6a4ac0 JavaThread "JDWP Event Helper Thread" daemon [_thread_blocked, id=3576, stack(0x0000009f94800000,0x0000009f94900000)]
  0x0000026abd6a53c0 JavaThread "JDWP Command Reader" daemon [_thread_in_native, id=18240, stack(0x0000009f94900000,0x0000009f94a00000)]
  0x0000026abd6d3890 JavaThread "Notification Thread" daemon [_thread_blocked, id=13844, stack(0x0000009f94b00000,0x0000009f94c00000)]
  0x0000026ac1a59c40 JavaThread "HikariPool-2 housekeeper" daemon [_thread_blocked, id=18032, stack(0x0000009f95200000,0x0000009f95300000)]
  0x0000026ac1a5a5e0 JavaThread "Catalina-utility-1" [_thread_blocked, id=9688, stack(0x0000009f95700000,0x0000009f95800000)]
  0x0000026ac1a59770 JavaThread "Catalina-utility-2" [_thread_blocked, id=16452, stack(0x0000009f95800000,0x0000009f95900000)]
  0x0000026ac1d88270 JavaThread "container-0" [_thread_blocked, id=18128, stack(0x0000009f95900000,0x0000009f95a00000)]
  0x0000026ac1d878d0 JavaThread "http-nio-auto-2-exec-1" daemon [_thread_blocked, id=9076, stack(0x0000009f95c00000,0x0000009f95d00000)]
  0x0000026ac1d890e0 JavaThread "http-nio-auto-2-exec-2" daemon [_thread_blocked, id=11036, stack(0x0000009f95d00000,0x0000009f95e00000)]
  0x0000026ac1d83a40 JavaThread "http-nio-auto-2-exec-3" daemon [_thread_blocked, id=1616, stack(0x0000009f95e00000,0x0000009f95f00000)]
  0x0000026ac1d81d60 JavaThread "http-nio-auto-2-exec-4" daemon [_thread_blocked, id=2976, stack(0x0000009f95f00000,0x0000009f96000000)]
  0x0000026ac1d83f10 JavaThread "http-nio-auto-2-exec-5" daemon [_thread_blocked, id=9116, stack(0x0000009f96000000,0x0000009f96100000)]
  0x0000026ac1d82700 JavaThread "http-nio-auto-2-exec-6" daemon [_thread_blocked, id=16924, stack(0x0000009f96100000,0x0000009f96200000)]
  0x0000026ac1d88740 JavaThread "http-nio-auto-2-exec-7" daemon [_thread_blocked, id=11532, stack(0x0000009f96200000,0x0000009f96300000)]
  0x0000026ac1d82bd0 JavaThread "http-nio-auto-2-exec-8" daemon [_thread_blocked, id=7788, stack(0x0000009f96300000,0x0000009f96400000)]
  0x0000026ac1d85bf0 JavaThread "http-nio-auto-2-exec-9" daemon [_thread_blocked, id=13028, stack(0x0000009f96400000,0x0000009f96500000)]
  0x0000026ac1d86f30 JavaThread "http-nio-auto-2-exec-10" daemon [_thread_blocked, id=16548, stack(0x0000009f96500000,0x0000009f96600000)]
  0x0000026ac1d87400 JavaThread "http-nio-auto-2-Poller" daemon [_thread_in_native, id=2020, stack(0x0000009f96600000,0x0000009f96700000)]
  0x0000026ac1d830a0 JavaThread "http-nio-auto-2-Acceptor" daemon [_thread_in_native, id=13336, stack(0x0000009f96800000,0x0000009f96900000)]

Other Threads:
  0x0000026abcb8d8b0 VMThread "VM Thread" [stack: 0x0000009f93d00000,0x0000009f93e00000] [id=18016]
  0x0000026abd6d3d60 WatcherThread [stack: 0x0000009f94c00000,0x0000009f94d00000] [id=6908]
  0x0000026a9e1ff6b0 GCTaskThread "GC Thread#0" [stack: 0x0000009f93800000,0x0000009f93900000] [id=16276]
  0x0000026abe0c5550 GCTaskThread "GC Thread#1" [stack: 0x0000009f94f00000,0x0000009f95000000] [id=13212]
  0x0000026abe0c3570 GCTaskThread "GC Thread#2" [stack: 0x0000009f95000000,0x0000009f95100000] [id=18204]
  0x0000026abe0c4890 GCTaskThread "GC Thread#3" [stack: 0x0000009f95100000,0x0000009f95200000] [id=13920]
  0x0000026abe0c38a0 GCTaskThread "GC Thread#4" [stack: 0x0000009f95300000,0x0000009f95400000] [id=7532]
  0x0000026abe0c5880 GCTaskThread "GC Thread#5" [stack: 0x0000009f95400000,0x0000009f95500000] [id=10832]
  0x0000026abe0c4560 GCTaskThread "GC Thread#6" [stack: 0x0000009f95a00000,0x0000009f95b00000] [id=16292]
  0x0000026ac924e7a0 GCTaskThread "GC Thread#7" [stack: 0x0000009f95b00000,0x0000009f95c00000] [id=2016]
  0x0000026a9e212cd0 ConcurrentGCThread "G1 Main Marker" [stack: 0x0000009f93900000,0x0000009f93a00000] [id=16592]
  0x0000026a9e213ba0 ConcurrentGCThread "G1 Conc#0" [stack: 0x0000009f93a00000,0x0000009f93b00000] [id=1708]
  0x0000026abe0c4230 ConcurrentGCThread "G1 Conc#1" [stack: 0x0000009f95500000,0x0000009f95600000] [id=5972]
  0x0000026a9e26e250 ConcurrentGCThread "G1 Refine#0" [stack: 0x0000009f93b00000,0x0000009f93c00000] [id=16864]
  0x0000026a9e26ec00 ConcurrentGCThread "G1 Young RemSet Sampling" [stack: 0x0000009f93c00000,0x0000009f93d00000] [id=14724]

Threads with active compile tasks:

VM state: not at safepoint (normal execution)

VM Mutex/Monitor currently owned by a thread: None

Heap address: 0x0000000083000000, size: 2000 MB, Compressed Oops mode: 32-bit
CDS archive(s) mapped at: [0x0000000800000000-0x0000000800b50000-0x0000000800b50000), size 11862016, SharedBaseAddress: 0x0000000800000000, ArchiveRelocationMode: 0.
Compressed class space mapped at: 0x0000000800b50000-0x0000000840b50000, size: 1073741824
Narrow klass base: 0x0000000800000000, Narrow klass shift: 3, Narrow klass range: 0x100000000

GC Precious Log:
 CPUs: 8 total, 8 available
 Memory: 7998M
 Large Page Support: Disabled
 NUMA Support: Disabled
 Compressed Oops: Enabled (32-bit)
 Heap Region Size: 1M
 Heap Min Capacity: 8M
 Heap Initial Capacity: 126M
 Heap Max Capacity: 2000M
 Pre-touch: Disabled
 Parallel Workers: 8
 Concurrent Workers: 2
 Concurrent Refinement Workers: 8
 Periodic GC: Disabled

Heap:
 garbage-first heap   total 129024K, used 45948K [0x0000000083000000, 0x0000000100000000)
  region size 1024K, 6 young (6144K), 2 survivors (2048K)
 Metaspace       used 72405K, capacity 73027K, committed 73324K, reserved 1114112K
  class space    used 9125K, capacity 9332K, committed 9420K, reserved 1048576K

Heap Regions: E=young(eden), S=young(survivor), O=old, HS=humongous(starts), HC=humongous(continues), CS=collection set, F=free, OA=open archive, CA=closed archive, TAMS=top-at-mark-start (previous, next)
|   0|0x0000000083000000, 0x0000000083100000, 0x0000000083100000|100%|HS|  |TAMS 0x0000000083100000, 0x0000000083000000| Complete 
|   1|0x0000000083100000, 0x0000000083200000, 0x0000000083200000|100%| O|  |TAMS 0x0000000083200000, 0x0000000083100000| Untracked 
|   2|0x0000000083200000, 0x0000000083300000, 0x0000000083300000|100%| O|  |TAMS 0x0000000083300000, 0x0000000083200000| Untracked 
|   3|0x0000000083300000, 0x0000000083400000, 0x0000000083400000|100%| O|  |TAMS 0x0000000083400000, 0x0000000083300000| Untracked 
|   4|0x0000000083400000, 0x0000000083500000, 0x0000000083500000|100%| O|  |TAMS 0x0000000083500000, 0x0000000083400000| Untracked 
|   5|0x0000000083500000, 0x0000000083600000, 0x0000000083600000|100%| O|  |TAMS 0x0000000083600000, 0x0000000083500000| Untracked 
|   6|0x0000000083600000, 0x0000000083700000, 0x0000000083700000|100%| O|  |TAMS 0x0000000083700000, 0x0000000083600000| Untracked 
|   7|0x0000000083700000, 0x0000000083788c00, 0x0000000083800000| 53%| O|  |TAMS 0x0000000083788c00, 0x0000000083700000| Untracked 
|   8|0x0000000083800000, 0x0000000083900000, 0x0000000083900000|100%| O|  |TAMS 0x0000000083900000, 0x0000000083800000| Untracked 
|   9|0x0000000083900000, 0x0000000083a00000, 0x0000000083a00000|100%| O|  |TAMS 0x0000000083a00000, 0x0000000083900000| Untracked 
|  10|0x0000000083a00000, 0x0000000083b00000, 0x0000000083b00000|100%| O|  |TAMS 0x0000000083b00000, 0x0000000083a00000| Untracked 
|  11|0x0000000083b00000, 0x0000000083c00000, 0x0000000083c00000|100%| O|  |TAMS 0x0000000083c00000, 0x0000000083b00000| Untracked 
|  12|0x0000000083c00000, 0x0000000083d00000, 0x0000000083d00000|100%| O|  |TAMS 0x0000000083d00000, 0x0000000083c00000| Untracked 
|  13|0x0000000083d00000, 0x0000000083e00000, 0x0000000083e00000|100%| O|  |TAMS 0x0000000083e00000, 0x0000000083d00000| Untracked 
|  14|0x0000000083e00000, 0x0000000083f00000, 0x0000000083f00000|100%| O|  |TAMS 0x0000000083f00000, 0x0000000083e00000| Untracked 
|  15|0x0000000083f00000, 0x0000000084000000, 0x0000000084000000|100%| O|  |TAMS 0x0000000084000000, 0x0000000083f00000| Untracked 
|  16|0x0000000084000000, 0x0000000084100000, 0x0000000084100000|100%| O|  |TAMS 0x0000000084100000, 0x0000000084000000| Untracked 
|  17|0x0000000084100000, 0x0000000084200000, 0x0000000084200000|100%| O|  |TAMS 0x0000000084200000, 0x0000000084100000| Untracked 
|  18|0x0000000084200000, 0x0000000084300000, 0x0000000084300000|100%| O|  |TAMS 0x0000000084300000, 0x0000000084200000| Untracked 
|  19|0x0000000084300000, 0x0000000084400000, 0x0000000084400000|100%| O|  |TAMS 0x0000000084400000, 0x0000000084300000| Untracked 
|  20|0x0000000084400000, 0x0000000084500000, 0x0000000084500000|100%| O|  |TAMS 0x0000000084500000, 0x0000000084400000| Untracked 
|  21|0x0000000084500000, 0x0000000084600000, 0x0000000084600000|100%| O|  |TAMS 0x00000000845f8400, 0x0000000084500000| Untracked 
|  22|0x0000000084600000, 0x0000000084700000, 0x0000000084700000|100%| O|  |TAMS 0x0000000084600000, 0x0000000084600000| Untracked 
|  23|0x0000000084700000, 0x0000000084800000, 0x0000000084800000|100%| O|  |TAMS 0x0000000084700000, 0x0000000084700000| Untracked 
|  24|0x0000000084800000, 0x0000000084900000, 0x0000000084900000|100%| O|  |TAMS 0x0000000084800000, 0x0000000084800000| Untracked 
|  25|0x0000000084900000, 0x0000000084a00000, 0x0000000084a00000|100%| O|  |TAMS 0x0000000084900000, 0x0000000084900000| Untracked 
|  26|0x0000000084a00000, 0x0000000084b00000, 0x0000000084b00000|100%| O|  |TAMS 0x0000000084a00000, 0x0000000084a00000| Untracked 
|  27|0x0000000084b00000, 0x0000000084c00000, 0x0000000084c00000|100%| O|  |TAMS 0x0000000084b00000, 0x0000000084b00000| Untracked 
|  28|0x0000000084c00000, 0x0000000084d00000, 0x0000000084d00000|100%| O|  |TAMS 0x0000000084c00000, 0x0000000084c00000| Untracked 
|  29|0x0000000084d00000, 0x0000000084e00000, 0x0000000084e00000|100%| O|  |TAMS 0x0000000084d00000, 0x0000000084d00000| Untracked 
|  30|0x0000000084e00000, 0x0000000084f00000, 0x0000000084f00000|100%| O|  |TAMS 0x0000000084e00000, 0x0000000084e00000| Untracked 
|  31|0x0000000084f00000, 0x0000000085000000, 0x0000000085000000|100%| O|  |TAMS 0x0000000084f00000, 0x0000000084f00000| Untracked 
|  32|0x0000000085000000, 0x0000000085100000, 0x0000000085100000|100%| O|  |TAMS 0x0000000085000000, 0x0000000085000000| Untracked 
|  33|0x0000000085100000, 0x0000000085200000, 0x0000000085200000|100%| O|  |TAMS 0x0000000085100000, 0x0000000085100000| Untracked 
|  34|0x0000000085200000, 0x0000000085300000, 0x0000000085300000|100%| O|  |TAMS 0x0000000085200000, 0x0000000085200000| Untracked 
|  35|0x0000000085300000, 0x0000000085400000, 0x0000000085400000|100%| O|  |TAMS 0x0000000085300000, 0x0000000085300000| Untracked 
|  36|0x0000000085400000, 0x0000000085500000, 0x0000000085500000|100%| O|  |TAMS 0x0000000085400000, 0x0000000085400000| Untracked 
|  37|0x0000000085500000, 0x0000000085600000, 0x0000000085600000|100%| O|  |TAMS 0x0000000085500000, 0x0000000085500000| Untracked 
|  38|0x0000000085600000, 0x0000000085700000, 0x0000000085700000|100%| O|  |TAMS 0x0000000085600000, 0x0000000085600000| Untracked 
|  39|0x0000000085700000, 0x0000000085800000, 0x0000000085800000|100%| O|  |TAMS 0x0000000085700000, 0x0000000085700000| Untracked 
|  40|0x0000000085800000, 0x0000000085856400, 0x0000000085900000| 33%| O|  |TAMS 0x0000000085800000, 0x0000000085800000| Untracked 
|  41|0x0000000085900000, 0x0000000085900000, 0x0000000085a00000|  0%| F|  |TAMS 0x0000000085900000, 0x0000000085900000| Untracked 
|  42|0x0000000085a00000, 0x0000000085a00000, 0x0000000085b00000|  0%| F|  |TAMS 0x0000000085a00000, 0x0000000085a00000| Untracked 
|  43|0x0000000085b00000, 0x0000000085b00000, 0x0000000085c00000|  0%| F|  |TAMS 0x0000000085b00000, 0x0000000085b00000| Untracked 
|  44|0x0000000085c00000, 0x0000000085c00000, 0x0000000085d00000|  0%| F|  |TAMS 0x0000000085c00000, 0x0000000085c00000| Untracked 
|  45|0x0000000085d00000, 0x0000000085d00000, 0x0000000085e00000|  0%| F|  |TAMS 0x0000000085d00000, 0x0000000085d00000| Untracked 
|  46|0x0000000085e00000, 0x0000000085e00000, 0x0000000085f00000|  0%| F|  |TAMS 0x0000000085e00000, 0x0000000085e00000| Untracked 
|  47|0x0000000085f00000, 0x0000000085f00000, 0x0000000086000000|  0%| F|  |TAMS 0x0000000085f00000, 0x0000000085f00000| Untracked 
|  48|0x0000000086000000, 0x0000000086000000, 0x0000000086100000|  0%| F|  |TAMS 0x0000000086000000, 0x0000000086000000| Untracked 
|  49|0x0000000086100000, 0x0000000086100000, 0x0000000086200000|  0%| F|  |TAMS 0x0000000086100000, 0x0000000086100000| Untracked 
|  50|0x0000000086200000, 0x0000000086200000, 0x0000000086300000|  0%| F|  |TAMS 0x0000000086200000, 0x0000000086200000| Untracked 
|  51|0x0000000086300000, 0x0000000086300000, 0x0000000086400000|  0%| F|  |TAMS 0x0000000086300000, 0x0000000086300000| Untracked 
|  52|0x0000000086400000, 0x0000000086400000, 0x0000000086500000|  0%| F|  |TAMS 0x0000000086400000, 0x0000000086400000| Untracked 
|  53|0x0000000086500000, 0x0000000086500000, 0x0000000086600000|  0%| F|  |TAMS 0x0000000086500000, 0x0000000086500000| Untracked 
|  54|0x0000000086600000, 0x0000000086600000, 0x0000000086700000|  0%| F|  |TAMS 0x0000000086600000, 0x0000000086600000| Untracked 
|  55|0x0000000086700000, 0x0000000086700000, 0x0000000086800000|  0%| F|  |TAMS 0x0000000086700000, 0x0000000086700000| Untracked 
|  56|0x0000000086800000, 0x0000000086800000, 0x0000000086900000|  0%| F|  |TAMS 0x0000000086800000, 0x0000000086800000| Untracked 
|  57|0x0000000086900000, 0x0000000086900000, 0x0000000086a00000|  0%| F|  |TAMS 0x0000000086900000, 0x0000000086900000| Untracked 
|  58|0x0000000086a00000, 0x0000000086a00000, 0x0000000086b00000|  0%| F|  |TAMS 0x0000000086a00000, 0x0000000086a00000| Untracked 
|  59|0x0000000086b00000, 0x0000000086b00000, 0x0000000086c00000|  0%| F|  |TAMS 0x0000000086b00000, 0x0000000086b00000| Untracked 
|  60|0x0000000086c00000, 0x0000000086c00000, 0x0000000086d00000|  0%| F|  |TAMS 0x0000000086c00000, 0x0000000086c00000| Untracked 
|  61|0x0000000086d00000, 0x0000000086d00000, 0x0000000086e00000|  0%| F|  |TAMS 0x0000000086d00000, 0x0000000086d00000| Untracked 
|  62|0x0000000086e00000, 0x0000000086e00000, 0x0000000086f00000|  0%| F|  |TAMS 0x0000000086e00000, 0x0000000086e00000| Untracked 
|  63|0x0000000086f00000, 0x0000000086f00000, 0x0000000087000000|  0%| F|  |TAMS 0x0000000086f00000, 0x0000000086f00000| Untracked 
|  64|0x0000000087000000, 0x0000000087000000, 0x0000000087100000|  0%| F|  |TAMS 0x0000000087000000, 0x0000000087000000| Untracked 
|  65|0x0000000087100000, 0x0000000087100000, 0x0000000087200000|  0%| F|  |TAMS 0x0000000087100000, 0x0000000087100000| Untracked 
|  66|0x0000000087200000, 0x0000000087300000, 0x0000000087300000|100%| S|CS|TAMS 0x0000000087200000, 0x0000000087200000| Complete 
|  67|0x0000000087300000, 0x0000000087400000, 0x0000000087400000|100%| S|CS|TAMS 0x0000000087300000, 0x0000000087300000| Complete 
|  68|0x0000000087400000, 0x0000000087400000, 0x0000000087500000|  0%| F|  |TAMS 0x0000000087400000, 0x0000000087400000| Untracked 
|  69|0x0000000087500000, 0x0000000087500000, 0x0000000087600000|  0%| F|  |TAMS 0x0000000087500000, 0x0000000087500000| Untracked 
|  70|0x0000000087600000, 0x0000000087600000, 0x0000000087700000|  0%| F|  |TAMS 0x0000000087600000, 0x0000000087600000| Untracked 
|  71|0x0000000087700000, 0x0000000087700000, 0x0000000087800000|  0%| F|  |TAMS 0x0000000087700000, 0x0000000087700000| Untracked 
|  72|0x0000000087800000, 0x0000000087800000, 0x0000000087900000|  0%| F|  |TAMS 0x0000000087800000, 0x0000000087800000| Untracked 
|  73|0x0000000087900000, 0x0000000087900000, 0x0000000087a00000|  0%| F|  |TAMS 0x0000000087900000, 0x0000000087900000| Untracked 
|  74|0x0000000087a00000, 0x0000000087a00000, 0x0000000087b00000|  0%| F|  |TAMS 0x0000000087a00000, 0x0000000087a00000| Untracked 
|  75|0x0000000087b00000, 0x0000000087b00000, 0x0000000087c00000|  0%| F|  |TAMS 0x0000000087b00000, 0x0000000087b00000| Untracked 
|  76|0x0000000087c00000, 0x0000000087c00000, 0x0000000087d00000|  0%| F|  |TAMS 0x0000000087c00000, 0x0000000087c00000| Untracked 
|  77|0x0000000087d00000, 0x0000000087d00000, 0x0000000087e00000|  0%| F|  |TAMS 0x0000000087d00000, 0x0000000087d00000| Untracked 
|  78|0x0000000087e00000, 0x0000000087e00000, 0x0000000087f00000|  0%| F|  |TAMS 0x0000000087e00000, 0x0000000087e00000| Untracked 
|  79|0x0000000087f00000, 0x0000000087f00000, 0x0000000088000000|  0%| F|  |TAMS 0x0000000087f00000, 0x0000000087f00000| Untracked 
|  80|0x0000000088000000, 0x0000000088000000, 0x0000000088100000|  0%| F|  |TAMS 0x0000000088000000, 0x0000000088000000| Untracked 
|  81|0x0000000088100000, 0x0000000088100000, 0x0000000088200000|  0%| F|  |TAMS 0x0000000088100000, 0x0000000088100000| Untracked 
|  82|0x0000000088200000, 0x0000000088200000, 0x0000000088300000|  0%| F|  |TAMS 0x0000000088200000, 0x0000000088200000| Untracked 
|  83|0x0000000088300000, 0x0000000088300000, 0x0000000088400000|  0%| F|  |TAMS 0x0000000088300000, 0x0000000088300000| Untracked 
|  84|0x0000000088400000, 0x0000000088400000, 0x0000000088500000|  0%| F|  |TAMS 0x0000000088400000, 0x0000000088400000| Untracked 
|  85|0x0000000088500000, 0x0000000088500000, 0x0000000088600000|  0%| F|  |TAMS 0x0000000088500000, 0x0000000088500000| Untracked 
|  86|0x0000000088600000, 0x0000000088600000, 0x0000000088700000|  0%| F|  |TAMS 0x0000000088600000, 0x0000000088600000| Untracked 
|  87|0x0000000088700000, 0x0000000088700000, 0x0000000088800000|  0%| F|  |TAMS 0x0000000088700000, 0x0000000088700000| Untracked 
|  88|0x0000000088800000, 0x0000000088800000, 0x0000000088900000|  0%| F|  |TAMS 0x0000000088800000, 0x0000000088800000| Untracked 
|  89|0x0000000088900000, 0x0000000088900000, 0x0000000088a00000|  0%| F|  |TAMS 0x0000000088900000, 0x0000000088900000| Untracked 
|  90|0x0000000088a00000, 0x0000000088a00000, 0x0000000088b00000|  0%| F|  |TAMS 0x0000000088a00000, 0x0000000088a00000| Untracked 
|  91|0x0000000088b00000, 0x0000000088b00000, 0x0000000088c00000|  0%| F|  |TAMS 0x0000000088b00000, 0x0000000088b00000| Untracked 
|  92|0x0000000088c00000, 0x0000000088c00000, 0x0000000088d00000|  0%| F|  |TAMS 0x0000000088c00000, 0x0000000088c00000| Untracked 
|  93|0x0000000088d00000, 0x0000000088d00000, 0x0000000088e00000|  0%| F|  |TAMS 0x0000000088d00000, 0x0000000088d00000| Untracked 
|  94|0x0000000088e00000, 0x0000000088e00000, 0x0000000088f00000|  0%| F|  |TAMS 0x0000000088e00000, 0x0000000088e00000| Untracked 
|  95|0x0000000088f00000, 0x0000000088f00000, 0x0000000089000000|  0%| F|  |TAMS 0x0000000088f00000, 0x0000000088f00000| Untracked 
|  96|0x0000000089000000, 0x0000000089000000, 0x0000000089100000|  0%| F|  |TAMS 0x0000000089000000, 0x0000000089000000| Untracked 
|  97|0x0000000089100000, 0x0000000089100000, 0x0000000089200000|  0%| F|  |TAMS 0x0000000089100000, 0x0000000089100000| Untracked 
|  98|0x0000000089200000, 0x0000000089200000, 0x0000000089300000|  0%| F|  |TAMS 0x0000000089200000, 0x0000000089200000| Untracked 
|  99|0x0000000089300000, 0x0000000089300000, 0x0000000089400000|  0%| F|  |TAMS 0x0000000089300000, 0x0000000089300000| Untracked 
| 100|0x0000000089400000, 0x0000000089400000, 0x0000000089500000|  0%| F|  |TAMS 0x0000000089400000, 0x0000000089400000| Untracked 
| 101|0x0000000089500000, 0x0000000089500000, 0x0000000089600000|  0%| F|  |TAMS 0x0000000089500000, 0x0000000089500000| Untracked 
| 102|0x0000000089600000, 0x0000000089600000, 0x0000000089700000|  0%| F|  |TAMS 0x0000000089600000, 0x0000000089600000| Untracked 
| 103|0x0000000089700000, 0x0000000089700000, 0x0000000089800000|  0%| F|  |TAMS 0x0000000089700000, 0x0000000089700000| Untracked 
| 104|0x0000000089800000, 0x0000000089800000, 0x0000000089900000|  0%| F|  |TAMS 0x0000000089800000, 0x0000000089800000| Untracked 
| 105|0x0000000089900000, 0x0000000089900000, 0x0000000089a00000|  0%| F|  |TAMS 0x0000000089900000, 0x0000000089900000| Untracked 
| 106|0x0000000089a00000, 0x0000000089a00000, 0x0000000089b00000|  0%| F|  |TAMS 0x0000000089a00000, 0x0000000089a00000| Untracked 
| 107|0x0000000089b00000, 0x0000000089b00000, 0x0000000089c00000|  0%| F|  |TAMS 0x0000000089b00000, 0x0000000089b00000| Untracked 
| 108|0x0000000089c00000, 0x0000000089c00000, 0x0000000089d00000|  0%| F|  |TAMS 0x0000000089c00000, 0x0000000089c00000| Untracked 
| 109|0x0000000089d00000, 0x0000000089d00000, 0x0000000089e00000|  0%| F|  |TAMS 0x0000000089d00000, 0x0000000089d00000| Untracked 
| 110|0x0000000089e00000, 0x0000000089e00000, 0x0000000089f00000|  0%| F|  |TAMS 0x0000000089e00000, 0x0000000089e00000| Untracked 
| 111|0x0000000089f00000, 0x0000000089f00000, 0x000000008a000000|  0%| F|  |TAMS 0x0000000089f00000, 0x0000000089f00000| Untracked 
| 112|0x000000008a000000, 0x000000008a000000, 0x000000008a100000|  0%| F|  |TAMS 0x000000008a000000, 0x000000008a000000| Untracked 
| 113|0x000000008a100000, 0x000000008a100000, 0x000000008a200000|  0%| F|  |TAMS 0x000000008a100000, 0x000000008a100000| Untracked 
| 114|0x000000008a200000, 0x000000008a200000, 0x000000008a300000|  0%| F|  |TAMS 0x000000008a200000, 0x000000008a200000| Untracked 
| 115|0x000000008a300000, 0x000000008a300000, 0x000000008a400000|  0%| F|  |TAMS 0x000000008a300000, 0x000000008a300000| Untracked 
| 116|0x000000008a400000, 0x000000008a400000, 0x000000008a500000|  0%| F|  |TAMS 0x000000008a400000, 0x000000008a400000| Untracked 
| 117|0x000000008a500000, 0x000000008a500000, 0x000000008a600000|  0%| F|  |TAMS 0x000000008a500000, 0x000000008a500000| Untracked 
| 118|0x000000008a600000, 0x000000008a600000, 0x000000008a700000|  0%| F|  |TAMS 0x000000008a600000, 0x000000008a600000| Untracked 
| 119|0x000000008a700000, 0x000000008a700000, 0x000000008a800000|  0%| F|  |TAMS 0x000000008a700000, 0x000000008a700000| Untracked 
| 120|0x000000008a800000, 0x000000008a800000, 0x000000008a900000|  0%| F|  |TAMS 0x000000008a800000, 0x000000008a800000| Untracked 
| 121|0x000000008a900000, 0x000000008a900000, 0x000000008aa00000|  0%| F|  |TAMS 0x000000008a900000, 0x000000008a900000| Untracked 
| 122|0x000000008aa00000, 0x000000008aa00800, 0x000000008ab00000|  0%| E|  |TAMS 0x000000008aa00000, 0x000000008aa00000| Complete 
| 123|0x000000008ab00000, 0x000000008ac00000, 0x000000008ac00000|100%| E|CS|TAMS 0x000000008ab00000, 0x000000008ab00000| Complete 
| 124|0x000000008ac00000, 0x000000008ad00000, 0x000000008ad00000|100%| E|CS|TAMS 0x000000008ac00000, 0x000000008ac00000| Complete 
| 125|0x000000008ad00000, 0x000000008ae00000, 0x000000008ae00000|100%| E|CS|TAMS 0x000000008ad00000, 0x000000008ad00000| Complete 

Card table byte_map: [0x0000026ab5af0000,0x0000026ab5ee0000] _byte_map_base: 0x0000026ab56d8000

Marking Bits (Prev, Next): (CMBitMap*) 0x0000026a9e201200, (CMBitMap*) 0x0000026a9e2011c0
 Prev Bits: [0x0000026ab8210000, 0x0000026aba150000)
 Next Bits: [0x0000026ab62d0000, 0x0000026ab8210000)

Polling page: 0x0000026a9c160000

Metaspace:

Usage:
  Non-class:     62.20 MB capacity,    61.80 MB (>99%) used,   319.75 KB ( <1%) free+waste,    95.00 KB ( <1%) overhead. 
      Class:      9.11 MB capacity,     8.91 MB ( 98%) used,   171.21 KB (  2%) free+waste,    35.25 KB ( <1%) overhead. 
       Both:     71.32 MB capacity,    70.71 MB (>99%) used,   490.96 KB ( <1%) free+waste,   130.25 KB ( <1%) overhead. 

Virtual space:
  Non-class space:       64.00 MB reserved,      62.41 MB ( 98%) committed 
      Class space:        1.00 GB reserved,       9.20 MB ( <1%) committed 
             Both:        1.06 GB reserved,      71.61 MB (  7%) committed 

Chunk freelists:
   Non-Class:  17.00 KB
       Class:  12.00 KB
        Both:  29.00 KB

MaxMetaspaceSize: 17179869184.00 GB
CompressedClassSpaceSize: 1.00 GB

CodeHeap 'non-profiled nmethods': size=120000Kb used=5883Kb max_used=6249Kb free=114116Kb
 bounds [0x0000026aadea0000, 0x0000026aae4c0000, 0x0000026ab53d0000]
CodeHeap 'profiled nmethods': size=120000Kb used=13074Kb max_used=14543Kb free=106925Kb
 bounds [0x0000026aa6970000, 0x0000026aa77b0000, 0x0000026aadea0000]
CodeHeap 'non-nmethods': size=5760Kb used=1424Kb max_used=1568Kb free=4335Kb
 bounds [0x0000026aa63d0000, 0x0000026aa6640000, 0x0000026aa6970000]
 total_blobs=7325 nmethods=6693 adapters=543
 compilation: enabled
              stopped_count=0, restarted_count=0
 full_count=0

Compilation events (20 events):
Event: 206.266 Thread 0x0000026abcbbe5b0 8113       3       java.util.concurrent.locks.ReentrantReadWriteLock$ReadLock::unlock (10 bytes)
Event: 206.267 Thread 0x0000026abcbbe5b0 nmethod 8113 0x0000026aa73b8f90 code [0x0000026aa73b9140, 0x0000026aa73b93f8]
Event: 206.267 Thread 0x0000026abcbbe5b0 8114       3       java.util.TreeSet::add (22 bytes)
Event: 206.267 Thread 0x0000026abcbbe5b0 nmethod 8114 0x0000026aa6efbc10 code [0x0000026aa6efbdc0, 0x0000026aa6efc008]
Event: 207.451 Thread 0x0000026abcbbe5b0 8116   !   3       java.util.concurrent.ScheduledThreadPoolExecutor$DelayedWorkQueue::take (203 bytes)
Event: 207.455 Thread 0x0000026abcbbe5b0 nmethod 8116 0x0000026aa720d010 code [0x0000026aa720d3e0, 0x0000026aa720ed08]
Event: 207.455 Thread 0x0000026abcbbe5b0 8115       3       java.util.concurrent.ScheduledThreadPoolExecutor$DelayedWorkQueue::take (5 bytes)
Event: 207.456 Thread 0x0000026abcbbe5b0 nmethod 8115 0x0000026aa71e1c10 code [0x0000026aa71e1dc0, 0x0000026aa71e1f08]
Event: 208.449 Thread 0x0000026abcbbe5b0 8118       3       java.util.concurrent.locks.AbstractQueuedSynchronizer$ConditionNode::block (15 bytes)
Event: 208.450 Thread 0x0000026abcbbe5b0 nmethod 8118 0x0000026aa6d31290 code [0x0000026aa6d31460, 0x0000026aa6d31888]
Event: 208.450 Thread 0x0000026abcbbe5b0 8117   !   3       java.util.concurrent.ForkJoinPool::managedBlock (158 bytes)
Event: 208.454 Thread 0x0000026abcbbe5b0 nmethod 8117 0x0000026aa7212b90 code [0x0000026aa7212ea0, 0x0000026aa7214718]
Event: 213.451 Thread 0x0000026abcbbe5b0 8119       3       java.util.concurrent.ScheduledThreadPoolExecutor$ScheduledFutureTask::run (57 bytes)
Event: 213.452 Thread 0x0000026abcbbe5b0 nmethod 8119 0x0000026aa6cf0b10 code [0x0000026aa6cf0d20, 0x0000026aa6cf1178]
Event: 213.452 Thread 0x0000026abcbbe5b0 8120   !   3       java.util.concurrent.FutureTask::runAndReset (125 bytes)
Event: 213.458 Thread 0x0000026abcbbe5b0 nmethod 8120 0x0000026aa716a610 code [0x0000026aa716aa40, 0x0000026aa716cd28]
Event: 213.458 Thread 0x0000026abcbbe5b0 8121       3       java.util.concurrent.ScheduledThreadPoolExecutor$ScheduledFutureTask::setNextRunTime (38 bytes)
Event: 213.458 Thread 0x0000026abcbbe5b0 nmethod 8121 0x0000026aa6f0b490 code [0x0000026aa6f0b640, 0x0000026aa6f0b848]
Event: 228.458 Thread 0x0000026abcbbdbb0 8122       4       java.util.concurrent.locks.ReentrantLock::lock (8 bytes)
Event: 228.467 Thread 0x0000026abcbbdbb0 nmethod 8122 0x0000026aae24c310 code [0x0000026aae24c4a0, 0x0000026aae24c768]

GC Heap History (20 events):
Event: 9.588 GC heap before
{Heap before GC invocations=19 (full 0):
 garbage-first heap   total 89088K, used 71264K [0x0000000083000000, 0x0000000100000000)
  region size 1024K, 50 young (51200K), 4 survivors (4096K)
 Metaspace       used 50413K, capacity 50838K, committed 50988K, reserved 1093632K
  class space    used 6299K, capacity 6454K, committed 6528K, reserved 1048576K
}
Event: 9.595 GC heap after
{Heap after GC invocations=20 (full 0):
 garbage-first heap   total 89088K, used 24469K [0x0000000083000000, 0x0000000100000000)
  region size 1024K, 4 young (4096K), 4 survivors (4096K)
 Metaspace       used 50413K, capacity 50838K, committed 50988K, reserved 1093632K
  class space    used 6299K, capacity 6454K, committed 6528K, reserved 1048576K
}
Event: 10.446 GC heap before
{Heap before GC invocations=20 (full 0):
 garbage-first heap   total 89088K, used 72597K [0x0000000083000000, 0x0000000100000000)
  region size 1024K, 51 young (52224K), 4 survivors (4096K)
 Metaspace       used 54051K, capacity 54494K, committed 54700K, reserved 1097728K
  class space    used 6894K, capacity 7046K, committed 7168K, reserved 1048576K
}
Event: 10.455 GC heap after
{Heap after GC invocations=21 (full 0):
 garbage-first heap   total 89088K, used 25607K [0x0000000083000000, 0x0000000100000000)
  region size 1024K, 5 young (5120K), 5 survivors (5120K)
 Metaspace       used 54051K, capacity 54494K, committed 54700K, reserved 1097728K
  class space    used 6894K, capacity 7046K, committed 7168K, reserved 1048576K
}
Event: 11.183 GC heap before
{Heap before GC invocations=21 (full 0):
 garbage-first heap   total 89088K, used 73735K [0x0000000083000000, 0x0000000100000000)
  region size 1024K, 52 young (53248K), 5 survivors (5120K)
 Metaspace       used 57591K, capacity 58090K, committed 58156K, reserved 1099776K
  class space    used 7328K, capacity 7497K, committed 7552K, reserved 1048576K
}
Event: 11.191 GC heap after
{Heap after GC invocations=22 (full 0):
 garbage-first heap   total 89088K, used 27971K [0x0000000083000000, 0x0000000100000000)
  region size 1024K, 6 young (6144K), 6 survivors (6144K)
 Metaspace       used 57591K, capacity 58090K, committed 58156K, reserved 1099776K
  class space    used 7328K, capacity 7497K, committed 7552K, reserved 1048576K
}
Event: 11.379 GC heap before
{Heap before GC invocations=22 (full 0):
 garbage-first heap   total 89088K, used 42307K [0x0000000083000000, 0x0000000100000000)
  region size 1024K, 21 young (21504K), 6 survivors (6144K)
 Metaspace       used 59334K, capacity 59722K, committed 59808K, reserved 1101824K
  class space    used 7509K, capacity 7657K, committed 7680K, reserved 1048576K
}
Event: 11.386 GC heap after
{Heap after GC invocations=23 (full 0):
 garbage-first heap   total 107520K, used 28317K [0x0000000083000000, 0x0000000100000000)
  region size 1024K, 4 young (4096K), 4 survivors (4096K)
 Metaspace       used 59334K, capacity 59722K, committed 59808K, reserved 1101824K
  class space    used 7509K, capacity 7657K, committed 7680K, reserved 1048576K
}
Event: 12.345 GC heap before
{Heap before GC invocations=24 (full 0):
 garbage-first heap   total 107520K, used 88733K [0x0000000083000000, 0x0000000100000000)
  region size 1024K, 63 young (64512K), 4 survivors (4096K)
 Metaspace       used 62533K, capacity 63009K, committed 63212K, reserved 1103872K
  class space    used 7964K, capacity 8149K, committed 8268K, reserved 1048576K
}
Event: 12.353 GC heap after
{Heap after GC invocations=25 (full 0):
 garbage-first heap   total 107520K, used 31088K [0x0000000083000000, 0x0000000100000000)
  region size 1024K, 7 young (7168K), 7 survivors (7168K)
 Metaspace       used 62533K, capacity 63009K, committed 63212K, reserved 1103872K
  class space    used 7964K, capacity 8149K, committed 8268K, reserved 1048576K
}
Event: 13.346 GC heap before
{Heap before GC invocations=25 (full 0):
 garbage-first heap   total 107520K, used 87408K [0x0000000083000000, 0x0000000100000000)
  region size 1024K, 62 young (63488K), 7 survivors (7168K)
 Metaspace       used 64966K, capacity 65471K, committed 65772K, reserved 1105920K
  class space    used 8277K, capacity 8452K, committed 8524K, reserved 1048576K
}
Event: 13.356 GC heap after
{Heap after GC invocations=26 (full 0):
 garbage-first heap   total 107520K, used 34951K [0x0000000083000000, 0x0000000100000000)
  region size 1024K, 8 young (8192K), 8 survivors (8192K)
 Metaspace       used 64966K, capacity 65471K, committed 65772K, reserved 1105920K
  class space    used 8277K, capacity 8452K, committed 8524K, reserved 1048576K
}
Event: 14.508 GC heap before
{Heap before GC invocations=26 (full 0):
 garbage-first heap   total 107520K, used 86151K [0x0000000083000000, 0x0000000100000000)
  region size 1024K, 58 young (59392K), 8 survivors (8192K)
 Metaspace       used 66237K, capacity 66786K, committed 66924K, reserved 1107968K
  class space    used 8418K, capacity 8630K, committed 8652K, reserved 1048576K
}
Event: 14.520 GC heap after
{Heap after GC invocations=27 (full 0):
 garbage-first heap   total 107520K, used 36604K [0x0000000083000000, 0x0000000100000000)
  region size 1024K, 7 young (7168K), 7 survivors (7168K)
 Metaspace       used 66237K, capacity 66786K, committed 66924K, reserved 1107968K
  class space    used 8418K, capacity 8630K, committed 8652K, reserved 1048576K
}
Event: 16.068 GC heap before
{Heap before GC invocations=27 (full 0):
 garbage-first heap   total 107520K, used 86780K [0x0000000083000000, 0x0000000100000000)
  region size 1024K, 56 young (57344K), 7 survivors (7168K)
 Metaspace       used 66711K, capacity 67242K, committed 67436K, reserved 1107968K
  class space    used 8423K, capacity 8632K, committed 8652K, reserved 1048576K
}
Event: 16.081 GC heap after
{Heap after GC invocations=28 (full 0):
 garbage-first heap   total 129024K, used 40256K [0x0000000083000000, 0x0000000100000000)
  region size 1024K, 7 young (7168K), 7 survivors (7168K)
 Metaspace       used 66711K, capacity 67242K, committed 67436K, reserved 1107968K
  class space    used 8423K, capacity 8632K, committed 8652K, reserved 1048576K
}
Event: 18.132 GC heap before
{Heap before GC invocations=28 (full 0):
 garbage-first heap   total 129024K, used 104768K [0x0000000083000000, 0x0000000100000000)
  region size 1024K, 70 young (71680K), 7 survivors (7168K)
 Metaspace       used 67065K, capacity 67622K, committed 67692K, reserved 1107968K
  class space    used 8433K, capacity 8645K, committed 8652K, reserved 1048576K
}
Event: 18.148 GC heap after
{Heap after GC invocations=29 (full 0):
 garbage-first heap   total 129024K, used 44825K [0x0000000083000000, 0x0000000100000000)
  region size 1024K, 9 young (9216K), 9 survivors (9216K)
 Metaspace       used 67065K, capacity 67622K, committed 67692K, reserved 1107968K
  class space    used 8433K, capacity 8645K, committed 8652K, reserved 1048576K
}
Event: 29.798 GC heap before
{Heap before GC invocations=29 (full 0):
 garbage-first heap   total 129024K, used 104217K [0x0000000083000000, 0x0000000100000000)
  region size 1024K, 67 young (68608K), 9 survivors (9216K)
 Metaspace       used 72036K, capacity 72701K, committed 72812K, reserved 1112064K
  class space    used 9104K, capacity 9331K, committed 9420K, reserved 1048576K
}
Event: 29.808 GC heap after
{Heap after GC invocations=30 (full 0):
 garbage-first heap   total 129024K, used 42876K [0x0000000083000000, 0x0000000100000000)
  region size 1024K, 2 young (2048K), 2 survivors (2048K)
 Metaspace       used 72036K, capacity 72701K, committed 72812K, reserved 1112064K
  class space    used 9104K, capacity 9331K, committed 9420K, reserved 1048576K
}

Deoptimization events (20 events):
Event: 29.636 Thread 0x0000026ac1d878d0 Uncommon trap: trap_request=0xffffff97 fr.pc=0x0000026aae37669c relative=0x000000000000015c
Event: 29.636 Thread 0x0000026ac1d878d0 Uncommon trap: reason=unhandled action=none pc=0x0000026aae37669c method=jdk.internal.loader.BuiltinClassLoader.loadClass(Ljava/lang/String;Z)Ljava/lang/Class; @ 19 c2
Event: 29.636 Thread 0x0000026ac1d878d0 DEOPT PACKING pc=0x0000026aae37669c sp=0x0000009f95cfc9c0
Event: 29.636 Thread 0x0000026ac1d878d0 DEOPT UNPACKING pc=0x0000026aa641e42f sp=0x0000009f95cfc888 mode 2
Event: 29.652 Thread 0x0000026ac1d878d0 Uncommon trap: trap_request=0xffffff45 fr.pc=0x0000026aae352d94 relative=0x00000000000003d4
Event: 29.652 Thread 0x0000026ac1d878d0 Uncommon trap: reason=unstable_if action=reinterpret pc=0x0000026aae352d94 method=org.springframework.util.AntPathMatcher.skipSegment(Ljava/lang/String;ILjava/lang/String;)I @ 60 c2
Event: 29.652 Thread 0x0000026ac1d878d0 DEOPT PACKING pc=0x0000026aae352d94 sp=0x0000009f95cfd100
Event: 29.652 Thread 0x0000026ac1d878d0 DEOPT UNPACKING pc=0x0000026aa641e42f sp=0x0000009f95cfd098 mode 2
Event: 29.680 Thread 0x0000026ac1d878d0 Uncommon trap: trap_request=0xffffff45 fr.pc=0x0000026aae21bde4 relative=0x000000000000a344
Event: 29.680 Thread 0x0000026ac1d878d0 Uncommon trap: reason=unstable_if action=reinterpret pc=0x0000026aae21bde4 method=org.eclipse.jdt.launching.internal.org.objectweb.asm.ClassReader.accept(Lorg/eclipse/jdt/launching/internal/org/objectweb/asm/ClassVisitor;[Lorg/eclipse/jdt/launching/intern
Event: 29.680 Thread 0x0000026ac1d878d0 DEOPT PACKING pc=0x0000026aae21bde4 sp=0x0000009f95cfa760
Event: 29.680 Thread 0x0000026ac1d878d0 DEOPT UNPACKING pc=0x0000026aa641e42f sp=0x0000009f95cfa768 mode 2
Event: 29.764 Thread 0x0000026ac1d878d0 Uncommon trap: trap_request=0xffffff45 fr.pc=0x0000026aadf78df8 relative=0x0000000000000778
Event: 29.764 Thread 0x0000026ac1d878d0 Uncommon trap: reason=unstable_if action=reinterpret pc=0x0000026aadf78df8 method=jdk.internal.org.objectweb.asm.Frame.merge(Ljdk/internal/org/objectweb/asm/SymbolTable;I[II)Z @ 305 c2
Event: 29.764 Thread 0x0000026ac1d878d0 DEOPT PACKING pc=0x0000026aadf78df8 sp=0x0000009f95cfb800
Event: 29.764 Thread 0x0000026ac1d878d0 DEOPT UNPACKING pc=0x0000026aa641e42f sp=0x0000009f95cfb7b0 mode 2
Event: 221.421 Thread 0x0000026abd773850 Uncommon trap: trap_request=0xffffff45 fr.pc=0x0000026aae0db620 relative=0x00000000000003e0
Event: 221.421 Thread 0x0000026abd773850 Uncommon trap: reason=unstable_if action=reinterpret pc=0x0000026aae0db620 method=sun.instrument.InstrumentationImpl.transform(Ljava/lang/Module;Ljava/lang/ClassLoader;Ljava/lang/String;Ljava/lang/Class;Ljava/security/ProtectionDomain;[BZ)[B @ 24 c2
Event: 221.421 Thread 0x0000026abd773850 DEOPT PACKING pc=0x0000026aae0db620 sp=0x0000009f947fe300
Event: 221.421 Thread 0x0000026abd773850 DEOPT UNPACKING pc=0x0000026aa641e42f sp=0x0000009f947fe358 mode 2

Classes unloaded (0 events):
No events

Classes redefined (3 events):
Event: 221.443 Thread 0x0000026abcb8d8b0 redefined class name=com.ccsw.mentconnect.patient.PatientIT, count=1
Event: 229.004 Thread 0x0000026abcb8d8b0 redefined class name=com.ccsw.mentconnect.patient.PatientIT, count=2
Event: 231.197 Thread 0x0000026abcb8d8b0 redefined class name=com.ccsw.mentconnect.patient.PatientIT, count=3

Internal exceptions (20 events):
Event: 18.414 Thread 0x0000026a9e1c2580 Exception <a 'java/lang/ClassNotFoundException'{0x000000008a5d9628}: org/springframework/security/access/expression/AbstractSecurityExpressionHandlerCustomizer> (0x000000008a5d9628) 
thrown [./open/src/hotspot/share/classfile/systemDictionary.cpp, line 295]
Event: 18.416 Thread 0x0000026a9e1c2580 Exception <a 'java/lang/ClassNotFoundException'{0x000000008a5e62d8}: org/springframework/security/access/expression/method/DefaultMethodSecurityExpressionHandlerCustomizer> (0x000000008a5e62d8) 
thrown [./open/src/hotspot/share/classfile/systemDictionary.cpp, line 295]
Event: 18.419 Thread 0x0000026a9e1c2580 Exception <a 'java/lang/ClassNotFoundException'{0x000000008a5fa530}: org/springframework/security/access/expression/method/MethodSecurityExpressionHandlerCustomizer> (0x000000008a5fa530) 
thrown [./open/src/hotspot/share/classfile/systemDictionary.cpp, line 295]
Event: 18.421 Thread 0x0000026a9e1c2580 Exception <a 'java/lang/ClassNotFoundException'{0x000000008a403170}: org/springframework/security/access/expression/SecurityExpressionHandlerCustomizer> (0x000000008a403170) 
thrown [./open/src/hotspot/share/classfile/systemDictionary.cpp, line 295]
Event: 18.423 Thread 0x0000026a9e1c2580 Exception <a 'java/lang/ClassNotFoundException'{0x000000008a40b8f8}: org/springframework/aop/framework/AopInfrastructureBeanCustomizer> (0x000000008a40b8f8) 
thrown [./open/src/hotspot/share/classfile/systemDictionary.cpp, line 295]
Event: 18.425 Thread 0x0000026a9e1c2580 Exception <a 'java/lang/ClassNotFoundException'{0x000000008a412e80}: org/springframework/security/access/expression/SecurityExpressionHandlerCustomizer> (0x000000008a412e80) 
thrown [./open/src/hotspot/share/classfile/systemDictionary.cpp, line 295]
Event: 18.426 Thread 0x0000026a9e1c2580 Exception <a 'java/lang/ClassNotFoundException'{0x000000008a41b4d0}: org/springframework/aop/framework/AopInfrastructureBeanCustomizer> (0x000000008a41b4d0) 
thrown [./open/src/hotspot/share/classfile/systemDictionary.cpp, line 295]
Event: 18.428 Thread 0x0000026a9e1c2580 Exception <a 'java/lang/ClassNotFoundException'{0x000000008a422188}: org/springframework/context/ApplicationContextAwareCustomizer> (0x000000008a422188) 
thrown [./open/src/hotspot/share/classfile/systemDictionary.cpp, line 295]
Event: 18.430 Thread 0x0000026a9e1c2580 Exception <a 'java/lang/ClassNotFoundException'{0x000000008a42a030}: org/springframework/beans/factory/AwareCustomizer> (0x000000008a42a030) 
thrown [./open/src/hotspot/share/classfile/systemDictionary.cpp, line 295]
Event: 18.465 Thread 0x0000026a9e1c2580 Exception <a 'java/lang/ClassNotFoundException'{0x000000008a4696d0}: java/lang/ObjectCustomizer> (0x000000008a4696d0) 
thrown [./open/src/hotspot/share/classfile/systemDictionary.cpp, line 295]
Event: 18.473 Thread 0x0000026a9e1c2580 Exception <a 'java/lang/ClassNotFoundException'{0x000000008a473570}: com/ccsw/mentconnect/config/BaseITAbstractCustomizer> (0x000000008a473570) 
thrown [./open/src/hotspot/share/classfile/systemDictionary.cpp, line 295]
Event: 18.477 Thread 0x0000026a9e1c2580 Exception <a 'java/lang/ClassNotFoundException'{0x000000008a47a9a0}: com/ccsw/mentconnect/patient/PatientITCustomizer> (0x000000008a47a9a0) 
thrown [./open/src/hotspot/share/classfile/systemDictionary.cpp, line 295]
Event: 18.493 Thread 0x0000026a9e1c2580 Exception <a 'java/lang/NoSuchMethodError'{0x000000008a017748}: 'java.lang.Object java.lang.invoke.DirectMethodHandle$Holder.newInvokeSpecial(java.lang.Object, java.lang.Object, java.lang.Object, java.lang.Object, int)'> (0x000000008a017748) 
thrown [./open/src/hotspot/share/interpreter/linkResolver.cpp, line 782]
Event: 18.494 Thread 0x0000026a9e1c2580 Exception <a 'java/lang/NoSuchMethodError'{0x000000008a01bd48}: 'java.lang.Object java.lang.invoke.DirectMethodHandle$Holder.invokeSpecial(java.lang.Object, java.lang.Object, java.lang.Object, java.lang.Object, java.lang.Object, int)'> (0x000000008a01bd48) 
thrown [./open/src/hotspot/share/interpreter/linkResolver.cpp, line 782]
Event: 18.494 Thread 0x0000026a9e1c2580 Exception <a 'java/lang/NoSuchMethodError'{0x000000008a01fcd8}: 'java.lang.Object java.lang.invoke.Invokers$Holder.linkToTargetMethod(java.lang.Object, java.lang.Object, java.lang.Object, int, java.lang.Object)'> (0x000000008a01fcd8) 
thrown [./open/src/hotspot/share/interpreter/linkResolver.cpp, line 782]
Event: 18.891 Thread 0x0000026a9e1c2580 Exception <a 'java/lang/ClassNotFoundException'{0x0000000089106c28}: java/lang/ClassLoader$ByteBuddyAccessor$eEIFqIBr> (0x0000000089106c28) 
thrown [./open/src/hotspot/share/classfile/systemDictionary.cpp, line 295]
Event: 18.954 Thread 0x0000026a9e1c2580 Exception <a 'java/lang/IncompatibleClassChangeError'{0x0000000088f73420}: Found class java.lang.Object, but interface was expected> (0x0000000088f73420) 
thrown [./open/src/hotspot/share/interpreter/linkResolver.cpp, line 848]
Event: 19.079 Thread 0x0000026a9e1c2580 Implicit null exception at 0x0000026aae0b73cf to 0x0000026aae0b7588
Event: 19.092 Thread 0x0000026a9e1c2580 Exception <a 'sun/nio/fs/WindowsException'{0x0000000088a8ffa0}> (0x0000000088a8ffa0) 
thrown [./open/src/hotspot/share/prims/jni.cpp, line 578]
Event: 254.520 Thread 0x0000026abd773850 Exception <a 'java/lang/LinkageError'{0x000000008abea918}> (0x000000008abea918) 
thrown [./open/src/hotspot/share/oops/generateOopMap.cpp, line 2137]

Events (20 events):
Event: 229.775 Executing VM operation: GetStackTrace done
Event: 229.788 Executing VM operation: GetFrameLocation
Event: 229.789 Executing VM operation: GetFrameLocation done
Event: 229.789 Executing VM operation: get/set locals
Event: 229.789 Executing VM operation: get/set locals done
Event: 231.175 Executing VM operation: RedefineClasses
Event: 231.225 Executing VM operation: RedefineClasses done
Event: 231.249 Executing VM operation: ChangeBreakpoints
Event: 231.253 Executing VM operation: ChangeBreakpoints done
Event: 231.254 Executing VM operation: ChangeBreakpoints
Event: 231.257 Executing VM operation: ChangeBreakpoints done
Event: 231.260 Executing VM operation: GetFrameCount
Event: 231.260 Executing VM operation: GetFrameCount done
Event: 231.261 Executing VM operation: GetStackTrace
Event: 231.261 Executing VM operation: GetStackTrace done
Event: 231.275 Executing VM operation: GetFrameCount
Event: 231.275 Executing VM operation: GetFrameCount done
Event: 233.359 Thread 0x0000026abe40d140 Thread exited: 0x0000026abe40d140
Event: 254.520 Executing VM operation: GetFrameLocation
Event: 254.520 Executing VM operation: GetFrameLocation done


Dynamic libraries:
0x00007ff622d70000 - 0x00007ff622d7f000 	C:\Program Files\Java\jdk-15.0.2\bin\javaw.exe
0x00007ffc2e290000 - 0x00007ffc2e485000 	C:\WINDOWS\SYSTEM32\ntdll.dll
0x00007ffc2c390000 - 0x00007ffc2c44d000 	C:\WINDOWS\System32\KERNEL32.DLL
0x00007ffc2bd10000 - 0x00007ffc2bfdd000 	C:\WINDOWS\System32\KERNELBASE.dll
0x00007ffc2b9a0000 - 0x00007ffc2baa0000 	C:\WINDOWS\System32\ucrtbase.dll
0x00007ffc0c920000 - 0x00007ffc0c939000 	C:\Program Files\Java\jdk-15.0.2\bin\VCRUNTIME140.dll
0x00007ffc0c900000 - 0x00007ffc0c918000 	C:\Program Files\Java\jdk-15.0.2\bin\jli.dll
0x00007ffc2c2e0000 - 0x00007ffc2c38e000 	C:\WINDOWS\System32\ADVAPI32.dll
0x00007ffc2c450000 - 0x00007ffc2c4ee000 	C:\WINDOWS\System32\msvcrt.dll
0x00007ffc2deb0000 - 0x00007ffc2df4c000 	C:\WINDOWS\System32\sechost.dll
0x00007ffc2cd80000 - 0x00007ffc2cea5000 	C:\WINDOWS\System32\RPCRT4.dll
0x00007ffc2c940000 - 0x00007ffc2cae0000 	C:\WINDOWS\System32\USER32.dll
0x00007ffc2c1d0000 - 0x00007ffc2c1f2000 	C:\WINDOWS\System32\win32u.dll
0x00007ffc04610000 - 0x00007ffc048aa000 	C:\WINDOWS\WinSxS\amd64_microsoft.windows.common-controls_6595b64144ccf1df_6.0.19041.1110_none_60b5254171f9507e\COMCTL32.dll
0x00007ffc2e220000 - 0x00007ffc2e24a000 	C:\WINDOWS\System32\GDI32.dll
0x00007ffc2bfe0000 - 0x00007ffc2c0eb000 	C:\WINDOWS\System32\gdi32full.dll
0x00007ffc2bc70000 - 0x00007ffc2bd0d000 	C:\WINDOWS\System32\msvcp_win.dll
0x00007ffc1b450000 - 0x00007ffc1b45a000 	C:\WINDOWS\SYSTEM32\VERSION.dll
0x00007ffc2e1f0000 - 0x00007ffc2e220000 	C:\WINDOWS\System32\IMM32.DLL
0x0000026a9d930000 - 0x0000026a9d944000 	C:\WINDOWS\System32\umppc15205.dll
0x00007ffc2b6e0000 - 0x00007ffc2b7e4000 	C:\Program Files\Avecto\Privilege Guard Client\PGHook.dll
0x00007ffc24970000 - 0x00007ffc2497c000 	C:\Program Files\Java\jdk-15.0.2\bin\vcruntime140_1.dll
0x00007ffc0c860000 - 0x00007ffc0c8f1000 	C:\Program Files\Java\jdk-15.0.2\bin\msvcp140.dll
0x00007ffc0b7b0000 - 0x00007ffc0c30e000 	C:\Program Files\Java\jdk-15.0.2\bin\server\jvm.dll
0x00007ffc2cff0000 - 0x00007ffc2cff8000 	C:\WINDOWS\System32\PSAPI.DLL
0x00007ffc17970000 - 0x00007ffc17979000 	C:\WINDOWS\SYSTEM32\WSOCK32.dll
0x00007ffc2c850000 - 0x00007ffc2c8bb000 	C:\WINDOWS\System32\WS2_32.dll
0x00007ffc13480000 - 0x00007ffc134a7000 	C:\WINDOWS\SYSTEM32\WINMM.dll
0x00007ffc2a190000 - 0x00007ffc2a1a2000 	C:\WINDOWS\SYSTEM32\kernel.appcore.dll
0x00007ffc22f60000 - 0x00007ffc22f6a000 	C:\Program Files\Java\jdk-15.0.2\bin\jimage.dll
0x00007ffc29490000 - 0x00007ffc29674000 	C:\WINDOWS\SYSTEM32\DBGHELP.DLL
0x00007ffc125f0000 - 0x00007ffc1261c000 	C:\WINDOWS\SYSTEM32\dbgcore.DLL
0x00007ffc2c200000 - 0x00007ffc2c282000 	C:\WINDOWS\System32\bcryptPrimitives.dll
0x00007ffc248d0000 - 0x00007ffc24909000 	C:\Program Files\Java\jdk-15.0.2\bin\jdwp.dll
0x00007ffc27b20000 - 0x00007ffc27b2e000 	C:\Program Files\Java\jdk-15.0.2\bin\instrument.dll
0x00007ffc0c830000 - 0x00007ffc0c855000 	C:\Program Files\Java\jdk-15.0.2\bin\java.dll
0x00007ffc2d700000 - 0x00007ffc2de44000 	C:\WINDOWS\System32\SHELL32.dll
0x00007ffc29680000 - 0x00007ffc29e14000 	C:\WINDOWS\SYSTEM32\windows.storage.dll
0x00007ffc2c4f0000 - 0x00007ffc2c844000 	C:\WINDOWS\System32\combase.dll
0x00007ffc2b280000 - 0x00007ffc2b2ac000 	C:\WINDOWS\SYSTEM32\Wldp.dll
0x00007ffc2d650000 - 0x00007ffc2d6fd000 	C:\WINDOWS\System32\SHCORE.dll
0x00007ffc2de50000 - 0x00007ffc2dea5000 	C:\WINDOWS\System32\shlwapi.dll
0x00007ffc2b8e0000 - 0x00007ffc2b8ff000 	C:\WINDOWS\SYSTEM32\profapi.dll
0x00007ffc275f0000 - 0x00007ffc275fb000 	C:\Program Files\Java\jdk-15.0.2\bin\dt_socket.dll
0x00007ffc2ac70000 - 0x00007ffc2acab000 	C:\WINDOWS\SYSTEM32\IPHLPAPI.DLL
0x00007ffc2af80000 - 0x00007ffc2afea000 	C:\WINDOWS\system32\mswsock.dll
0x00007ffc2acb0000 - 0x00007ffc2ad7b000 	C:\WINDOWS\SYSTEM32\DNSAPI.dll
0x00007ffc2e100000 - 0x00007ffc2e108000 	C:\WINDOWS\System32\NSI.dll
0x00007ffc223f0000 - 0x00007ffc223fa000 	C:\Windows\System32\rasadhlp.dll
0x00007ffc24fb0000 - 0x00007ffc25030000 	C:\WINDOWS\System32\fwpuclnt.dll
0x00007ffc2c0f0000 - 0x00007ffc2c117000 	C:\WINDOWS\System32\bcrypt.dll
0x00007ffc0c7d0000 - 0x00007ffc0c7e8000 	C:\Program Files\Java\jdk-15.0.2\bin\zip.dll
0x00007ffc0c810000 - 0x00007ffc0c829000 	C:\Program Files\Java\jdk-15.0.2\bin\net.dll
0x00007ffc1abe0000 - 0x00007ffc1acea000 	C:\WINDOWS\SYSTEM32\WINHTTP.dll
0x00007ffc0c7f0000 - 0x00007ffc0c802000 	C:\Program Files\Java\jdk-15.0.2\bin\nio.dll
0x00007ffc19750000 - 0x00007ffc19760000 	C:\Program Files\Java\jdk-15.0.2\bin\verify.dll
0x00007ffc24810000 - 0x00007ffc24827000 	C:\WINDOWS\SYSTEM32\dhcpcsvc6.DLL
0x00007ffc24770000 - 0x00007ffc2478d000 	C:\WINDOWS\SYSTEM32\dhcpcsvc.DLL
0x00007ffc0c720000 - 0x00007ffc0c729000 	C:\Program Files\Java\jdk-15.0.2\bin\management.dll
0x00007ffc0c710000 - 0x00007ffc0c71b000 	C:\Program Files\Java\jdk-15.0.2\bin\management_ext.dll
0x00007ffc194a0000 - 0x00007ffc194b7000 	C:\WINDOWS\system32\napinsp.dll
0x00007ffc19230000 - 0x00007ffc1924b000 	C:\WINDOWS\system32\pnrpnsp.dll
0x00007ffc267d0000 - 0x00007ffc267e5000 	C:\WINDOWS\system32\wshbth.dll
0x00007ffc276f0000 - 0x00007ffc2770d000 	C:\WINDOWS\system32\NLAapi.dll
0x00007ffc194c0000 - 0x00007ffc194d2000 	C:\WINDOWS\System32\winrnr.dll
0x00007ffc2b170000 - 0x00007ffc2b188000 	C:\WINDOWS\SYSTEM32\CRYPTSP.dll
0x00007ffc2a900000 - 0x00007ffc2a934000 	C:\WINDOWS\system32\rsaenh.dll
0x00007ffc2b8a0000 - 0x00007ffc2b8ce000 	C:\WINDOWS\SYSTEM32\USERENV.dll
0x00007ffc2b190000 - 0x00007ffc2b19c000 	C:\WINDOWS\SYSTEM32\CRYPTBASE.dll
0x00007ffc0c730000 - 0x00007ffc0c73d000 	C:\Program Files\Java\jdk-15.0.2\bin\sunmscapi.dll
0x00007ffc2baa0000 - 0x00007ffc2bbf6000 	C:\WINDOWS\System32\CRYPT32.dll
0x00007ffc2b2f0000 - 0x00007ffc2b317000 	C:\WINDOWS\SYSTEM32\ncrypt.dll
0x00007ffc2b2b0000 - 0x00007ffc2b2eb000 	C:\WINDOWS\SYSTEM32\NTASN1.dll

dbghelp: loaded successfully - version: 4.0.5 - missing functions: none
symbol engine: initialized successfully - sym options: 0x614 - pdb path: .;C:\Program Files\Java\jdk-15.0.2\bin;C:\WINDOWS\SYSTEM32;C:\WINDOWS\WinSxS\amd64_microsoft.windows.common-controls_6595b64144ccf1df_6.0.19041.1110_none_60b5254171f9507e;C:\Program Files\Avecto\Privilege Guard Client;C:\Program Files\Java\jdk-15.0.2\bin\server

VM Arguments:
jvm_args: -XX:+ShowCodeDetailsInExceptionMessages -agentlib:jdwp=transport=dt_socket,suspend=y,address=localhost:57164 -ea -javaagent:C:\Users\aelmouss\eclipse\java-2021-09\eclipse\configuration\org.eclipse.osgi\222\0\.cp\lib\javaagent-shaded.jar -Dfile.encoding=UTF-8 
java_command: org.eclipse.jdt.internal.junit.runner.RemoteTestRunner -version 3 -port 57163 -testLoaderClass org.eclipse.jdt.internal.junit5.runner.JUnit5TestLoader -loaderpluginname org.eclipse.jdt.junit5.runtime -test com.ccsw.mentconnect.patient.PatientIT:saveWithNotExistsUsernameShouldCreateNewPatient -uniqueId [engine:junit-jupiter]/[class:com.ccsw.mentconnect.patient.PatientIT]/[method:saveWithNotExistsUsernameShouldCreateNewPatient()]
java_class_path (initial): C:\MentConnect\server\target\test-classes;C:\MentConnect\server\target\classes;C:\Users\aelmouss\.m2\repository\org\springframework\boot\spring-boot-starter-data-jpa\2.6.7\spring-boot-starter-data-jpa-2.6.7.jar;C:\Users\aelmouss\.m2\repository\org\springframework\boot\spring-boot-starter-aop\2.6.7\spring-boot-starter-aop-2.6.7.jar;C:\Users\aelmouss\.m2\repository\org\aspectj\aspectjweaver\1.9.7\aspectjweaver-1.9.7.jar;C:\Users\aelmouss\.m2\repository\org\springframework\boot\spring-boot-starter-jdbc\2.6.7\spring-boot-starter-jdbc-2.6.7.jar;C:\Users\aelmouss\.m2\repository\com\zaxxer\HikariCP\4.0.3\HikariCP-4.0.3.jar;C:\Users\aelmouss\.m2\repository\org\springframework\spring-jdbc\5.3.19\spring-jdbc-5.3.19.jar;C:\Users\aelmouss\.m2\repository\jakarta\transaction\jakarta.transaction-api\1.3.3\jakarta.transaction-api-1.3.3.jar;C:\Users\aelmouss\.m2\repository\jakarta\persistence\jakarta.persistence-api\2.2.3\jakarta.persistence-api-2.2.3.jar;C:\Users\aelmouss\.m2\repository\org\hibernate\hibernate-core\5.6.8.Final\hibernate-core-5.6.8.Final.jar;C:\Users\aelmouss\.m2\repository\org\jboss\logging\jboss-logging\3.4.3.Final\jboss-logging-3.4.3.Final.jar;C:\Users\aelmouss\.m2\repository\net\bytebuddy\byte-buddy\1.11.22\byte-buddy-1.11.22.jar;C:\Users\aelmouss\.m2\repository\antlr\antlr\2.7.7\antlr-2.7.7.jar;C:\Users\aelmouss\.m2\repository\org\jboss\jandex\2.4.2.Final\jandex-2.4.2.Final.jar;C:\Users\aelmouss\.m2\repository\com\fasterxml\classmate\1.5.1\classmate-1.5.1.jar;C:\Users\aelmouss\.m2\repository\org\hibernate\common\hibernate-commons-annotations\5.1.2.Final\hibernate-commons-annotations-5.1.2.Final.jar;C:\Users\aelmouss\.m2\repository\org\glassfish\jaxb\jaxb-runtime\2.3.6\jaxb-runtime-2.3.6.jar;C:\Users\aelmouss\.m2\repository\org\glassfish\jaxb\txw2\2.3.6\txw2-2.3.6.jar;C:\Users\aelmouss\.m2\repository\com\sun\istack\istack-commons-runtime\3.0.12\istack-commons-runtime-3.0.12.jar;C:\Users\aelmouss\.m2\repository\com\sun\activation\jaka
Launcher Type: SUN_STANDARD

[Global flags]
     intx CICompilerCount                          = 4                                         {product} {ergonomic}
     uint ConcGCThreads                            = 2                                         {product} {ergonomic}
     uint G1ConcRefinementThreads                  = 8                                         {product} {ergonomic}
   size_t G1HeapRegionSize                         = 1048576                                   {product} {ergonomic}
    uintx GCDrainStackTargetSize                   = 64                                        {product} {ergonomic}
   size_t InitialHeapSize                          = 132120576                                 {product} {ergonomic}
   size_t MarkStackSize                            = 4194304                                   {product} {ergonomic}
   size_t MaxHeapSize                              = 2097152000                                {product} {ergonomic}
   size_t MaxNewSize                               = 1258291200                                {product} {ergonomic}
   size_t MinHeapDeltaBytes                        = 1048576                                   {product} {ergonomic}
   size_t MinHeapSize                              = 8388608                                   {product} {ergonomic}
    uintx NonNMethodCodeHeapSize                   = 5839372                                {pd product} {ergonomic}
    uintx NonProfiledCodeHeapSize                  = 122909434                              {pd product} {ergonomic}
    uintx ProfiledCodeHeapSize                     = 122909434                              {pd product} {ergonomic}
    uintx ReservedCodeCacheSize                    = 251658240                              {pd product} {ergonomic}
     bool SegmentedCodeCache                       = true                                      {product} {ergonomic}
     bool ShowCodeDetailsInExceptionMessages       = true                                   {manageable} {command line}
   size_t SoftMaxHeapSize                          = 2097152000                             {manageable} {ergonomic}
     bool UseCompressedClassPointers               = true                                 {lp64_product} {ergonomic}
     bool UseCompressedOops                        = true                                 {lp64_product} {ergonomic}
     bool UseG1GC                                  = true                                      {product} {ergonomic}
     bool UseLargePagesIndividualAllocation        = false                                  {pd product} {ergonomic}

Logging:
Log output configuration:
 #0: stdout all=warning uptime,level,tags
 #1: stderr all=off uptime,level,tags

Environment Variables:
JAVA_HOME=C:\Program Files\Java\jdk1.8.0_202
PATH=C:\Program Files\Common Files\Oracle\Java\javapath;C:\Program Files (x86)\Common Files\Oracle\Java\javapath;C:\Program Files\AdoptOpenJDK\jdk-15.0.0.36-hotspot\bin;C:\WINDOWS\system32;C:\WINDOWS;C:\WINDOWS\System32\Wbem;C:\WINDOWS\System32\WindowsPowerShell\v1.0\;C:\WINDOWS\System32\OpenSSH\;C:\Program Files\nodejs\;C:\Program Files\Java\jdk1.8.0_202\bin;C:\Program Files\Java\jdk1.8.0_202\bin;C:\Users\aelmouss\AppData\Local\Microsoft\WindowsApps;C:\Users\aelmouss\AppData\Local\Programs\Microsoft VS Code\bin;C:\Users\aelmouss\AppData\Roaming\npm;C:\Users\aelmouss\AppData\Local\Programs\Git\cmd;C:\Users\aelmouss\AppData\Local\Programs\Git\mingw64\bin;C:\Users\aelmouss\AppData\Local\Programs\Git\usr\bin
USERNAME=aelmouss
OS=Windows_NT
PROCESSOR_IDENTIFIER=Intel64 Family 6 Model 142 Stepping 12, GenuineIntel



---------------  S Y S T E M  ---------------

OS:
 Windows 10 , 64 bit Build 19041 (10.0.19041.1706)
OS uptime: 0 days 21:22 hours

CPU: total 8 (initial active 8) (4 cores per cpu, 2 threads per core) family 6 model 142 stepping 12 microcode 0xca, cmov, cx8, fxsr, mmx, sse, sse2, sse3, ssse3, sse4.1, sse4.2, popcnt, vzeroupper, avx, avx2, aes, clmul, erms, 3dnowpref, lzcnt, ht, tsc, tscinvbit, bmi1, bmi2, adx, fma, clflush, clflushopt

Memory: 4k page, system-wide physical 7998M (637M free)
TotalPageFile size 15422M (AvailPageFile size 3237M)
current process WorkingSet (physical memory assigned to process): 305M, peak: 402M
current process commit charge ("private bytes"): 352M, peak: 444M

vm_info: Java HotSpot(TM) 64-Bit Server VM (15.0.2+7-27) for windows-amd64 JRE (15.0.2+7-27), built on Dec  7 2020 20:07:01 by "mach5one" with unknown MS VC++:1925

END.
